<?xml version="1.0" encoding="UTF-8"?>
<!-- Generated by org.testng.reporters.JUnitXMLReporter -->
<testsuite ignored="0" hostname="LAPTOP-PLNO5R2G" failures="1" tests="23" name="Rediff S2 Tests" time="296.28" errors="0" timestamp="2024-10-24T07:29:39 PDT">
  <testcase classname="com.rediff.S2.testcases.S2_LandingPage_Test" name="validatePageTitleAndCurrentUrl" time="0.351"/>
  <testcase classname="com.rediff.S2.testcases.S2_LandingPage_Test" name="signinButtonIsVisible" time="0.07"/>
  <testcase classname="com.rediff.S2.testcases.S2_LandingPage_Test" name="redifflogoIsDisplayed" time="0.366"/>
  <testcase classname="com.rediff.S2.testcases.S2_Signin_Link_Test" name="signInLinkIsDisplayed" time="0.04"/>
  <testcase classname="com.rediff.S2.testcases.S2_InboxPage_Test" name="presenceOfInboxButton" time="12.147"/>
  <testcase classname="com.rediff.S2.testcases.S2_InboxPage_Test" name="presenceOfUserName" time="12.032"/>
  <testcase classname="com.rediff.S2.testcases.S2_Logout_Test" name="logOut" time="14.745"/>
  <testcase classname="com.rediff.S2.testcases.S2_Rediff_Home_Test" name="rediffHome" time="13.299"/>
  <testcase classname="com.rediff.S2.testcases.S2_Links_Test" name="linkTests" time="9.741"/>
  <testcase classname="com.rediff.S2.testcases.S2_LoginPage_Test" name="loginWithValidCredentialsUsingDataProvider" time="13.606"/>
  <testcase classname="com.rediff.S2.testcases.S2_LoginPage_Test" name="loginWithValidCredentialsUsingDataProvider" time="9.875"/>
  <testcase classname="com.rediff.S2.testcases.S2_LoginPage_Test" name="loginWithValidCredentialsUsingDataProvider" time="11.901"/>
  <testcase classname="com.rediff.S2.testcases.S2_LoginPage_Test" name="loginWithValidCredentialsUsingDataProvider" time="11.234"/>
  <testcase classname="com.rediff.S2.testcases.S2_LoginPage_Test" name="loginWithValidCredentialsUsingDataProvider" time="15.556"/>
  <testcase classname="com.rediff.S2.testcases.S2_LoginPage_Test" name="loginWithValidCredentialsUsingDataProviderExcelSheet" time="13.982"/>
  <testcase classname="com.rediff.S2.testcases.S2_LoginPage_Test" name="loginWithValidCredentialsUsingDataProviderExcelSheet" time="11.937"/>
  <testcase classname="com.rediff.S2.testcases.S2_LoginPage_Test" name="loginWithValidCredentialsUsingDataProviderExcelSheet" time="11.391">
    <failure type="org.openqa.selenium.NoSuchElementException" message="no such element: Unable to locate element: {&amp;quot;method&amp;quot;:&amp;quot;xpath&amp;quot;,&amp;quot;selector&amp;quot;:&amp;quot;//cite[@class=&amp;apos;rd_usr_log&amp;apos;]/child::a&amp;quot;}
  (Session info: chrome=130.0.6723.69)
For documentation on this error, please visit: https://www.selenium.dev/documentation/webdriver/troubleshooting/errors#no-such-element-exception
Build info: version: &amp;apos;4.24.0&amp;apos;, revision: &amp;apos;748ffc9bc3&amp;apos;
System info: os.name: &amp;apos;Windows 11&amp;apos;, os.arch: &amp;apos;amd64&amp;apos;, os.version: &amp;apos;10.0&amp;apos;, java.version: &amp;apos;17.0.7&amp;apos;
Driver info: org.openqa.selenium.chrome.ChromeDriver
Command: [083cd936e51f1a0071346a78e168ca26, findElement {value=//cite[@class=&amp;apos;rd_usr_log&amp;apos;]/child::a, using=xpath}]
Capabilities {acceptInsecureCerts: false, browserName: chrome, browserVersion: 130.0.6723.69, chrome: {chromedriverVersion: 130.0.6723.69 (3ec172b971b9..., userDataDir: C:\Users\chowd\AppData\Loca...}, fedcm:accounts: true, goog:chromeOptions: {debuggerAddress: localhost:57968}, networkConnectionEnabled: false, pageLoadStrategy: eager, platformName: windows, proxy: Proxy(), se:cdp: ws://localhost:57968/devtoo..., se:cdpVersion: 130.0.6723.69, setWindowRect: true, strictFileInteractability: false, timeouts: {implicit: 0, pageLoad: 300000, script: 30000}, unhandledPromptBehavior: dismiss and notify, webauthn:extension:credBlob: true, webauthn:extension:largeBlob: true, webauthn:extension:minPinLength: true, webauthn:extension:prf: true, webauthn:virtualAuthenticators: true}
Session ID: 083cd936e51f1a0071346a78e168ca26">
      <![CDATA[org.openqa.selenium.NoSuchElementException: no such element: Unable to locate element: {"method":"xpath","selector":"//cite[@class='rd_usr_log']/child::a"}
  (Session info: chrome=130.0.6723.69)
For documentation on this error, please visit: https://www.selenium.dev/documentation/webdriver/troubleshooting/errors#no-such-element-exception
Build info: version: '4.24.0', revision: '748ffc9bc3'
System info: os.name: 'Windows 11', os.arch: 'amd64', os.version: '10.0', java.version: '17.0.7'
Driver info: org.openqa.selenium.chrome.ChromeDriver
Command: [083cd936e51f1a0071346a78e168ca26, findElement {value=//cite[@class='rd_usr_log']/child::a, using=xpath}]
Capabilities {acceptInsecureCerts: false, browserName: chrome, browserVersion: 130.0.6723.69, chrome: {chromedriverVersion: 130.0.6723.69 (3ec172b971b9..., userDataDir: C:\Users\chowd\AppData\Loca...}, fedcm:accounts: true, goog:chromeOptions: {debuggerAddress: localhost:57968}, networkConnectionEnabled: false, pageLoadStrategy: eager, platformName: windows, proxy: Proxy(), se:cdp: ws://localhost:57968/devtoo..., se:cdpVersion: 130.0.6723.69, setWindowRect: true, strictFileInteractability: false, timeouts: {implicit: 0, pageLoad: 300000, script: 30000}, unhandledPromptBehavior: dismiss and notify, webauthn:extension:credBlob: true, webauthn:extension:largeBlob: true, webauthn:extension:minPinLength: true, webauthn:extension:prf: true, webauthn:virtualAuthenticators: true}
Session ID: 083cd936e51f1a0071346a78e168ca26
at org.openqa.selenium.remote.ErrorCodec.decode(ErrorCodec.java:167)
at org.openqa.selenium.remote.codec.w3c.W3CHttpResponseCodec.decode(W3CHttpResponseCodec.java:138)
at org.openqa.selenium.remote.codec.w3c.W3CHttpResponseCodec.decode(W3CHttpResponseCodec.java:50)
at org.openqa.selenium.remote.HttpCommandExecutor.execute(HttpCommandExecutor.java:190)
at org.openqa.selenium.remote.service.DriverCommandExecutor.invokeExecute(DriverCommandExecutor.java:216)
at org.openqa.selenium.remote.service.DriverCommandExecutor.execute(DriverCommandExecutor.java:174)
at org.openqa.selenium.remote.RemoteWebDriver.execute(RemoteWebDriver.java:545)
at org.openqa.selenium.remote.ElementLocation$ElementFinder$2.findElement(ElementLocation.java:165)
at org.openqa.selenium.remote.ElementLocation.findElement(ElementLocation.java:59)
at org.openqa.selenium.remote.RemoteWebDriver.findElement(RemoteWebDriver.java:368)
at org.openqa.selenium.remote.RemoteWebDriver.findElement(RemoteWebDriver.java:362)
at com.rediff.S2.testcases.S2_LoginPage_Test.loginWithValidCredentialsUsingDataProviderExcelSheet(S2_LoginPage_Test.java:49)
at java.base/java.util.ArrayList.forEach(ArrayList.java:1511)
... Removed 36 stack frames]]>
    </failure>
  </testcase> <!-- loginWithValidCredentialsUsingDataProviderExcelSheet -->
  <testcase classname="com.rediff.S2.testcases.S2_LoginPage_Test" name="loginWithValidCredentialsUsingDataProviderExcelSheet" time="12.11"/>
  <testcase classname="com.rediff.S2.testcases.S2_LoginPage_Test" name="loginWithValidCredentialsUsingDataProviderExcelSheet" time="12.017"/>
  <testcase classname="com.rediff.S2.testcases.S2_LoginPage_Test" name="loginWithInvalidCredentials" time="1.62"/>
  <testcase classname="com.rediff.S2.testcases.S2_LoginPage_Test" name="loginWithValidUsernameInvalidPassword" time="7.541"/>
  <testcase classname="com.rediff.S2.testcases.S2_LoginPage_Test" name="loginWithInvalidUsernameValidPassword" time="1.773"/>
  <testcase classname="com.rediff.S2.testcases.S2_LoginPage_Test" name="loginWithNoCredentials" time="0.225"/>
</testsuite> <!-- Rediff S2 Tests -->
