<html>
<head>
<title>TestNG:  Rediff S2 Tests</title>
<link href="../testng.css" rel="stylesheet" type="text/css" />
<link href="../my-testng.css" rel="stylesheet" type="text/css" />

<style type="text/css">
.log { display: none;} 
.stack-trace { display: none;} 
</style>
<script type="text/javascript">
<!--
function flip(e) {
  current = e.style.display;
  if (current == 'block') {
    e.style.display = 'none';
    return 0;
  }
  else {
    e.style.display = 'block';
    return 1;
  }
}

function toggleBox(szDivId, elem, msg1, msg2)
{
  var res = -1;  if (document.getElementById) {
    res = flip(document.getElementById(szDivId));
  }
  else if (document.all) {
    // this is the way old msie versions work
    res = flip(document.all[szDivId]);
  }
  if(elem) {
    if(res == 0) elem.innerHTML = msg1; else elem.innerHTML = msg2;
  }

}

function toggleAllBoxes() {
  if (document.getElementsByTagName) {
    d = document.getElementsByTagName('div');
    for (i = 0; i < d.length; i++) {
      if (d[i].className == 'log') {
        flip(d[i]);
      }
    }
  }
}

// -->
</script>

</head>
<body>
<h2 align='center'>Rediff S2 Tests</h2><table border='1' align="center">
<tr>
<td>Tests passed/Failed/Skipped:</td><td>22/1/0</td>
</tr><tr>
<td>Started on:</td><td>Thu Oct 24 07:24:42 PDT 2024</td>
</tr>
<tr><td>Total time:</td><td>296 seconds (296280 ms)</td>
</tr><tr>
<td>Included groups:</td><td></td>
</tr><tr>
<td>Excluded groups:</td><td></td>
</tr>
</table><p/>
<small><i>(Hover the method name to see the test class name)</i></small><p/>
<table width='100%' border='1' class='invocation-failed'>
<tr><td colspan='4' align='center'><b>FAILED TESTS</b></td></tr>
<tr><td><b>Test method</b></td>
<td><b>Attribute(s)</b></td>
<td width="30%"><b>Exception</b></td>
<td width="10%"><b>Time (seconds)</b></td>
<td><b>Instance</b></td>
</tr>
<tr>
<td title='com.rediff.S2.testcases.S2_LoginPage_Test.loginWithValidCredentialsUsingDataProviderExcelSheet()'><b>loginWithValidCredentialsUsingDataProviderExcelSheet</b><br>Test class: com.rediff.S2.testcases.S2_LoginPage_Test<br>Parameters: seleniumpanda1@rediffmail.com, Donkey@123</td>
<td><div><pre>org.openqa.selenium.NoSuchElementException: no such element: Unable to locate element: {&quot;method&quot;:&quot;xpath&quot;,&quot;selector&quot;:&quot;//cite[@class=&apos;rd_usr_log&apos;]/child::a&quot;}
  (Session info: chrome=130.0.6723.69)
For documentation on this error, please visit: https://www.selenium.dev/documentation/webdriver/troubleshooting/errors#no-such-element-exception
Build info: version: &apos;4.24.0&apos;, revision: &apos;748ffc9bc3&apos;
System info: os.name: &apos;Windows 11&apos;, os.arch: &apos;amd64&apos;, os.version: &apos;10.0&apos;, java.version: &apos;17.0.7&apos;
Driver info: org.openqa.selenium.chrome.ChromeDriver
Command: [083cd936e51f1a0071346a78e168ca26, findElement {value=//cite[@class=&apos;rd_usr_log&apos;]/child::a, using=xpath}]
Capabilities {acceptInsecureCerts: false, browserName: chrome, browserVersion: 130.0.6723.69, chrome: {chromedriverVersion: 130.0.6723.69 (3ec172b971b9..., userDataDir: C:\Users\chowd\AppData\Loca...}, fedcm:accounts: true, goog:chromeOptions: {debuggerAddress: localhost:57968}, networkConnectionEnabled: false, pageLoadStrategy: eager, platformName: windows, proxy: Proxy(), se:cdp: ws://localhost:57968/devtoo..., se:cdpVersion: 130.0.6723.69, setWindowRect: true, strictFileInteractability: false, timeouts: {implicit: 0, pageLoad: 300000, script: 30000}, unhandledPromptBehavior: dismiss and notify, webauthn:extension:credBlob: true, webauthn:extension:largeBlob: true, webauthn:extension:minPinLength: true, webauthn:extension:prf: true, webauthn:virtualAuthenticators: true}
Session ID: 083cd936e51f1a0071346a78e168ca26
	at org.openqa.selenium.remote.ErrorCodec.decode(ErrorCodec.java:167)
	at org.openqa.selenium.remote.codec.w3c.W3CHttpResponseCodec.decode(W3CHttpResponseCodec.java:138)
	at org.openqa.selenium.remote.codec.w3c.W3CHttpResponseCodec.decode(W3CHttpResponseCodec.java:50)
	at org.openqa.selenium.remote.HttpCommandExecutor.execute(HttpCommandExecutor.java:190)
	at org.openqa.selenium.remote.service.DriverCommandExecutor.invokeExecute(DriverCommandExecutor.java:216)
	at org.openqa.selenium.remote.service.DriverCommandExecutor.execute(DriverCommandExecutor.java:174)
	at org.openqa.selenium.remote.RemoteWebDriver.execute(RemoteWebDriver.java:545)
	at org.openqa.selenium.remote.ElementLocation$ElementFinder$2.findElement(ElementLocation.java:165)
	at org.openqa.selenium.remote.ElementLocation.findElement(ElementLocation.java:59)
	at org.openqa.selenium.remote.RemoteWebDriver.findElement(RemoteWebDriver.java:368)
	at org.openqa.selenium.remote.RemoteWebDriver.findElement(RemoteWebDriver.java:362)
	at com.rediff.S2.testcases.S2_LoginPage_Test.loginWithValidCredentialsUsingDataProviderExcelSheet(S2_LoginPage_Test.java:49)
	at java.base/java.util.ArrayList.forEach(ArrayList.java:1511)
... Removed 36 stack frames</pre></div><a href='#' onClick='toggleBox("stack-trace713939266", this, "Click to show all stack frames", "Click to hide stack frames")'>Click to show all stack frames</a>
<div class='stack-trace' id='stack-trace713939266'><pre>org.openqa.selenium.NoSuchElementException: no such element: Unable to locate element: {&quot;method&quot;:&quot;xpath&quot;,&quot;selector&quot;:&quot;//cite[@class=&apos;rd_usr_log&apos;]/child::a&quot;}
  (Session info: chrome=130.0.6723.69)
For documentation on this error, please visit: https://www.selenium.dev/documentation/webdriver/troubleshooting/errors#no-such-element-exception
Build info: version: &apos;4.24.0&apos;, revision: &apos;748ffc9bc3&apos;
System info: os.name: &apos;Windows 11&apos;, os.arch: &apos;amd64&apos;, os.version: &apos;10.0&apos;, java.version: &apos;17.0.7&apos;
Driver info: org.openqa.selenium.chrome.ChromeDriver
Command: [083cd936e51f1a0071346a78e168ca26, findElement {value=//cite[@class=&apos;rd_usr_log&apos;]/child::a, using=xpath}]
Capabilities {acceptInsecureCerts: false, browserName: chrome, browserVersion: 130.0.6723.69, chrome: {chromedriverVersion: 130.0.6723.69 (3ec172b971b9..., userDataDir: C:\Users\chowd\AppData\Loca...}, fedcm:accounts: true, goog:chromeOptions: {debuggerAddress: localhost:57968}, networkConnectionEnabled: false, pageLoadStrategy: eager, platformName: windows, proxy: Proxy(), se:cdp: ws://localhost:57968/devtoo..., se:cdpVersion: 130.0.6723.69, setWindowRect: true, strictFileInteractability: false, timeouts: {implicit: 0, pageLoad: 300000, script: 30000}, unhandledPromptBehavior: dismiss and notify, webauthn:extension:credBlob: true, webauthn:extension:largeBlob: true, webauthn:extension:minPinLength: true, webauthn:extension:prf: true, webauthn:virtualAuthenticators: true}
Session ID: 083cd936e51f1a0071346a78e168ca26
	at java.base/jdk.internal.reflect.NativeConstructorAccessorImpl.newInstance0(Native Method)
	at java.base/jdk.internal.reflect.NativeConstructorAccessorImpl.newInstance(NativeConstructorAccessorImpl.java:77)
	at java.base/jdk.internal.reflect.DelegatingConstructorAccessorImpl.newInstance(DelegatingConstructorAccessorImpl.java:45)
	at java.base/java.lang.reflect.Constructor.newInstanceWithCaller(Constructor.java:499)
	at java.base/java.lang.reflect.Constructor.newInstance(Constructor.java:480)
	at org.openqa.selenium.remote.ErrorCodec.decode(ErrorCodec.java:167)
	at org.openqa.selenium.remote.codec.w3c.W3CHttpResponseCodec.decode(W3CHttpResponseCodec.java:138)
	at org.openqa.selenium.remote.codec.w3c.W3CHttpResponseCodec.decode(W3CHttpResponseCodec.java:50)
	at org.openqa.selenium.remote.HttpCommandExecutor.execute(HttpCommandExecutor.java:190)
	at org.openqa.selenium.remote.service.DriverCommandExecutor.invokeExecute(DriverCommandExecutor.java:216)
	at org.openqa.selenium.remote.service.DriverCommandExecutor.execute(DriverCommandExecutor.java:174)
	at org.openqa.selenium.remote.RemoteWebDriver.execute(RemoteWebDriver.java:545)
	at org.openqa.selenium.remote.ElementLocation$ElementFinder$2.findElement(ElementLocation.java:165)
	at org.openqa.selenium.remote.ElementLocation.findElement(ElementLocation.java:59)
	at org.openqa.selenium.remote.RemoteWebDriver.findElement(RemoteWebDriver.java:368)
	at org.openqa.selenium.remote.RemoteWebDriver.findElement(RemoteWebDriver.java:362)
	at com.rediff.S2.testcases.S2_LoginPage_Test.loginWithValidCredentialsUsingDataProviderExcelSheet(S2_LoginPage_Test.java:49)
	at java.base/jdk.internal.reflect.NativeMethodAccessorImpl.invoke0(Native Method)
	at java.base/jdk.internal.reflect.NativeMethodAccessorImpl.invoke(NativeMethodAccessorImpl.java:77)
	at java.base/jdk.internal.reflect.DelegatingMethodAccessorImpl.invoke(DelegatingMethodAccessorImpl.java:43)
	at java.base/java.lang.reflect.Method.invoke(Method.java:568)
	at org.testng.internal.invokers.MethodInvocationHelper.invokeMethod(MethodInvocationHelper.java:139)
	at org.testng.internal.invokers.TestInvoker.invokeMethod(TestInvoker.java:664)
	at org.testng.internal.invokers.TestInvoker.invokeTestMethod(TestInvoker.java:228)
	at org.testng.internal.invokers.MethodRunner.runInSequence(MethodRunner.java:63)
	at org.testng.internal.invokers.TestInvoker$MethodInvocationAgent.invoke(TestInvoker.java:961)
	at org.testng.internal.invokers.TestInvoker.invokeTestMethods(TestInvoker.java:201)
	at org.testng.internal.invokers.TestMethodWorker.invokeTestMethods(TestMethodWorker.java:148)
	at org.testng.internal.invokers.TestMethodWorker.run(TestMethodWorker.java:128)
	at java.base/java.util.ArrayList.forEach(ArrayList.java:1511)
	at org.testng.TestRunner.privateRun(TestRunner.java:819)
	at org.testng.TestRunner.run(TestRunner.java:619)
	at org.testng.SuiteRunner.runTest(SuiteRunner.java:443)
	at org.testng.SuiteRunner.runSequentially(SuiteRunner.java:437)
	at org.testng.SuiteRunner.privateRun(SuiteRunner.java:397)
	at org.testng.SuiteRunner.run(SuiteRunner.java:336)
	at org.testng.SuiteRunnerWorker.runSuite(SuiteRunnerWorker.java:52)
	at org.testng.SuiteRunnerWorker.run(SuiteRunnerWorker.java:95)
	at org.testng.TestNG.runSuitesSequentially(TestNG.java:1301)
	at org.testng.TestNG.runSuitesLocally(TestNG.java:1228)
	at org.testng.TestNG.runSuites(TestNG.java:1134)
	at org.testng.TestNG.run(TestNG.java:1101)
	at org.apache.maven.surefire.testng.TestNGExecutor.run(TestNGExecutor.java:308)
	at org.apache.maven.surefire.testng.TestNGXmlTestSuite.execute(TestNGXmlTestSuite.java:71)
	at org.apache.maven.surefire.testng.TestNGProvider.invoke(TestNGProvider.java:113)
	at org.apache.maven.surefire.booter.ForkedBooter.runSuitesInProcess(ForkedBooter.java:385)
	at org.apache.maven.surefire.booter.ForkedBooter.execute(ForkedBooter.java:162)
	at org.apache.maven.surefire.booter.ForkedBooter.run(ForkedBooter.java:507)
	at org.apache.maven.surefire.booter.ForkedBooter.main(ForkedBooter.java:495)
</pre></div></td>
<td>11</td>
<td>com.rediff.S2.testcases.S2_LoginPage_Test@3c19aaa5</td></tr>
</table><p>
<table width='100%' border='1' class='invocation-passed'>
<tr><td colspan='4' align='center'><b>PASSED TESTS</b></td></tr>
<tr><td><b>Test method</b></td>
<td><b>Attribute(s)</b></td>
<td width="30%"><b>Exception</b></td>
<td width="10%"><b>Time (seconds)</b></td>
<td><b>Instance</b></td>
</tr>
<tr>
<td title='com.rediff.S2.testcases.S2_LoginPage_Test.loginWithValidCredentialsUsingDataProvider()'><b>loginWithValidCredentialsUsingDataProvider</b><br>Test class: com.rediff.S2.testcases.S2_LoginPage_Test<br>Parameters: sarthakkumarpanda@rediffmail.com, Selenium@123</td>
<td></td>
<td>11</td>
<td>com.rediff.S2.testcases.S2_LoginPage_Test@3c19aaa5</td></tr>
<tr>
<td title='com.rediff.S2.testcases.S2_LandingPage_Test.signinButtonIsVisible()'><b>signinButtonIsVisible</b><br>Test class: com.rediff.S2.testcases.S2_LandingPage_Test</td>
<td></td>
<td>0</td>
<td>com.rediff.S2.testcases.S2_LandingPage_Test@16293aa2</td></tr>
<tr>
<td title='com.rediff.S2.testcases.S2_LoginPage_Test.loginWithValidCredentialsUsingDataProvider()'><b>loginWithValidCredentialsUsingDataProvider</b><br>Test class: com.rediff.S2.testcases.S2_LoginPage_Test<br>Parameters: Mohamedboudguig@rediffmail.com, Medbdg0707@</td>
<td></td>
<td>15</td>
<td>com.rediff.S2.testcases.S2_LoginPage_Test@3c19aaa5</td></tr>
<tr>
<td title='com.rediff.S2.testcases.S2_Links_Test.linkTests()'><b>linkTests</b><br>Test class: com.rediff.S2.testcases.S2_Links_Test</td>
<td></td>
<td>9</td>
<td>com.rediff.S2.testcases.S2_Links_Test@f6efaab</td></tr>
<tr>
<td title='com.rediff.S2.testcases.S2_InboxPage_Test.presenceOfUserName()'><b>presenceOfUserName</b><br>Test class: com.rediff.S2.testcases.S2_InboxPage_Test</td>
<td></td>
<td>12</td>
<td>com.rediff.S2.testcases.S2_InboxPage_Test@6aeb35e6</td></tr>
<tr>
<td title='com.rediff.S2.testcases.S2_InboxPage_Test.presenceOfInboxButton()'><b>presenceOfInboxButton</b><br>Test class: com.rediff.S2.testcases.S2_InboxPage_Test</td>
<td></td>
<td>12</td>
<td>com.rediff.S2.testcases.S2_InboxPage_Test@6aeb35e6</td></tr>
<tr>
<td title='com.rediff.S2.testcases.S2_LoginPage_Test.loginWithValidCredentialsUsingDataProvider()'><b>loginWithValidCredentialsUsingDataProvider</b><br>Test class: com.rediff.S2.testcases.S2_LoginPage_Test<br>Parameters: seleniumpanda@rediffmail.com, Selenium@123</td>
<td></td>
<td>9</td>
<td>com.rediff.S2.testcases.S2_LoginPage_Test@3c19aaa5</td></tr>
<tr>
<td title='com.rediff.S2.testcases.S2_Signin_Link_Test.signInLinkIsDisplayed()'><b>signInLinkIsDisplayed</b><br>Test class: com.rediff.S2.testcases.S2_Signin_Link_Test</td>
<td></td>
<td>0</td>
<td>com.rediff.S2.testcases.S2_Signin_Link_Test@293a5bf6</td></tr>
<tr>
<td title='com.rediff.S2.testcases.S2_LoginPage_Test.loginWithValidCredentialsUsingDataProvider()'><b>loginWithValidCredentialsUsingDataProvider</b><br>Test class: com.rediff.S2.testcases.S2_LoginPage_Test<br>Parameters: chowdhurygs@rediffmail.com, Shajlee1@</td>
<td></td>
<td>13</td>
<td>com.rediff.S2.testcases.S2_LoginPage_Test@3c19aaa5</td></tr>
<tr>
<td title='com.rediff.S2.testcases.S2_LoginPage_Test.loginWithValidCredentialsUsingDataProviderExcelSheet()'><b>loginWithValidCredentialsUsingDataProviderExcelSheet</b><br>Test class: com.rediff.S2.testcases.S2_LoginPage_Test<br>Parameters: chowdhurygs@rediffmail.com, Shajlee1@</td>
<td></td>
<td>13</td>
<td>com.rediff.S2.testcases.S2_LoginPage_Test@3c19aaa5</td></tr>
<tr>
<td title='com.rediff.S2.testcases.S2_Rediff_Home_Test.rediffHome()'><b>rediffHome</b><br>Test class: com.rediff.S2.testcases.S2_Rediff_Home_Test</td>
<td></td>
<td>13</td>
<td>com.rediff.S2.testcases.S2_Rediff_Home_Test@74f0ea28</td></tr>
<tr>
<td title='com.rediff.S2.testcases.S2_Logout_Test.logOut()'><b>logOut</b><br>Test class: com.rediff.S2.testcases.S2_Logout_Test</td>
<td></td>
<td>14</td>
<td>com.rediff.S2.testcases.S2_Logout_Test@1283bb96</td></tr>
<tr>
<td title='com.rediff.S2.testcases.S2_LoginPage_Test.loginWithInvalidUsernameValidPassword()'><b>loginWithInvalidUsernameValidPassword</b><br>Test class: com.rediff.S2.testcases.S2_LoginPage_Test</td>
<td></td>
<td>1</td>
<td>com.rediff.S2.testcases.S2_LoginPage_Test@3c19aaa5</td></tr>
<tr>
<td title='com.rediff.S2.testcases.S2_LandingPage_Test.redifflogoIsDisplayed()'><b>redifflogoIsDisplayed</b><br>Test class: com.rediff.S2.testcases.S2_LandingPage_Test</td>
<td></td>
<td>0</td>
<td>com.rediff.S2.testcases.S2_LandingPage_Test@16293aa2</td></tr>
<tr>
<td title='com.rediff.S2.testcases.S2_LoginPage_Test.loginWithValidCredentialsUsingDataProviderExcelSheet()'><b>loginWithValidCredentialsUsingDataProviderExcelSheet</b><br>Test class: com.rediff.S2.testcases.S2_LoginPage_Test<br>Parameters: seleniumpanda@rediffmail.com, Selenium@123</td>
<td></td>
<td>11</td>
<td>com.rediff.S2.testcases.S2_LoginPage_Test@3c19aaa5</td></tr>
<tr>
<td title='com.rediff.S2.testcases.S2_LoginPage_Test.loginWithInvalidCredentials()'><b>loginWithInvalidCredentials</b><br>Test class: com.rediff.S2.testcases.S2_LoginPage_Test</td>
<td></td>
<td>1</td>
<td>com.rediff.S2.testcases.S2_LoginPage_Test@3c19aaa5</td></tr>
<tr>
<td title='com.rediff.S2.testcases.S2_LoginPage_Test.loginWithNoCredentials()'><b>loginWithNoCredentials</b><br>Test class: com.rediff.S2.testcases.S2_LoginPage_Test</td>
<td></td>
<td>0</td>
<td>com.rediff.S2.testcases.S2_LoginPage_Test@3c19aaa5</td></tr>
<tr>
<td title='com.rediff.S2.testcases.S2_LoginPage_Test.loginWithValidCredentialsUsingDataProviderExcelSheet()'><b>loginWithValidCredentialsUsingDataProviderExcelSheet</b><br>Test class: com.rediff.S2.testcases.S2_LoginPage_Test<br>Parameters: sarthakkumarpanda@rediffmail.com, Selenium@123</td>
<td></td>
<td>12</td>
<td>com.rediff.S2.testcases.S2_LoginPage_Test@3c19aaa5</td></tr>
<tr>
<td title='com.rediff.S2.testcases.S2_LoginPage_Test.loginWithValidCredentialsUsingDataProviderExcelSheet()'><b>loginWithValidCredentialsUsingDataProviderExcelSheet</b><br>Test class: com.rediff.S2.testcases.S2_LoginPage_Test<br>Parameters: Mohamedboudguig@rediffmail.com, Medbdg0707@</td>
<td></td>
<td>12</td>
<td>com.rediff.S2.testcases.S2_LoginPage_Test@3c19aaa5</td></tr>
<tr>
<td title='com.rediff.S2.testcases.S2_LandingPage_Test.validatePageTitleAndCurrentUrl()'><b>validatePageTitleAndCurrentUrl</b><br>Test class: com.rediff.S2.testcases.S2_LandingPage_Test</td>
<td></td>
<td>0</td>
<td>com.rediff.S2.testcases.S2_LandingPage_Test@16293aa2</td></tr>
<tr>
<td title='com.rediff.S2.testcases.S2_LoginPage_Test.loginWithValidCredentialsUsingDataProvider()'><b>loginWithValidCredentialsUsingDataProvider</b><br>Test class: com.rediff.S2.testcases.S2_LoginPage_Test<br>Parameters: seleniumpanda1@rediffmail.com, Donkey@123</td>
<td></td>
<td>11</td>
<td>com.rediff.S2.testcases.S2_LoginPage_Test@3c19aaa5</td></tr>
<tr>
<td title='com.rediff.S2.testcases.S2_LoginPage_Test.loginWithValidUsernameInvalidPassword()'><b>loginWithValidUsernameInvalidPassword</b><br>Test class: com.rediff.S2.testcases.S2_LoginPage_Test</td>
<td></td>
<td>7</td>
<td>com.rediff.S2.testcases.S2_LoginPage_Test@3c19aaa5</td></tr>
</table><p>
</body>
</html>